nohup: ignoring input
Device: cuda
Loaded data/processed/train_b
Train Dataset length: 127420
Loaded data/processed/test_b
Test Dataset length: 27880
For margin 1
Epoch 1
-------------------------------
loss_prev:  inf
loss:  0.1730853170156479
Epoch 0 loss: 0.1730853170156479
Time elapsed: 145.5005624294281s
Epoch 2
-------------------------------
loss_prev:  0.1730853170156479
loss:  0.16392269730567932
Epoch 1 loss: 0.16392269730567932
Time elapsed: 140.77799129486084s
Epoch 3
-------------------------------
loss_prev:  0.16392269730567932
loss:  0.1162184327840805
Epoch 2 loss: 0.1162184327840805
Time elapsed: 139.42650508880615s
Epoch 4
-------------------------------
loss_prev:  0.1162184327840805
loss:  0.07553067803382874
Epoch 3 loss: 0.07553067803382874
Time elapsed: 142.44365572929382s
Epoch 5
-------------------------------
loss_prev:  0.07553067803382874
loss:  0.02080833911895752
Epoch 4 loss: 0.02080833911895752
Time elapsed: 141.97706127166748s
Epoch 6
-------------------------------
loss_prev:  0.02080833911895752
loss:  0.018474919721484184
Epoch 5 loss: 0.018474919721484184
Time elapsed: 143.22244095802307s
Epoch 7
-------------------------------
loss_prev:  0.018474919721484184
loss:  0.0041780536994338036
Epoch 6 loss: 0.0041780536994338036
Time elapsed: 142.83162999153137s
Epoch 8
-------------------------------
loss_prev:  0.0041780536994338036
loss:  0.01646583527326584
Epoch 7 loss: 0.01646583527326584
Time elapsed: 142.45251560211182s
Epoch 9
-------------------------------
loss_prev:  0.01646583527326584
loss:  0.01540027093142271
Epoch 8 loss: 0.01540027093142271
Time elapsed: 141.60954189300537s
Epoch 10
-------------------------------
loss_prev:  0.01540027093142271
loss:  0.0009878152050077915
Epoch 9 loss: 0.0009878152050077915
Time elapsed: 140.32818174362183s
Epoch 11
-------------------------------
loss_prev:  0.0009878152050077915
loss:  0.0027755170594900846
Epoch 10 loss: 0.0027755170594900846
Time elapsed: 142.01424598693848s
Epoch 12
-------------------------------
loss_prev:  0.0027755170594900846
loss:  0.005496867001056671
Epoch 11 loss: 0.005496867001056671
Time elapsed: 137.41710829734802s
Epoch 13
-------------------------------
loss_prev:  0.005496867001056671
loss:  0.00168584194034338
Epoch 12 loss: 0.00168584194034338
Time elapsed: 113.32549476623535s
Epoch 14
-------------------------------
loss_prev:  0.00168584194034338
loss:  0.015801995992660522
Epoch 13 loss: 0.015801995992660522
Time elapsed: 109.74612951278687s
Epoch 15
-------------------------------
loss_prev:  0.015801995992660522
loss:  0.0021720710210502148
Epoch 14 loss: 0.0021720710210502148
Time elapsed: 111.98162627220154s
Epoch 16
-------------------------------
loss_prev:  0.0021720710210502148
loss:  0.00638645701110363
Epoch 15 loss: 0.00638645701110363
Time elapsed: 114.40674805641174s
Epoch 17
-------------------------------
loss_prev:  0.00638645701110363
loss:  0.010613098740577698
Epoch 16 loss: 0.010613098740577698
Time elapsed: 114.95246601104736s
Epoch 18
-------------------------------
loss_prev:  0.010613098740577698
loss:  0.0034564505331218243
Epoch 17 loss: 0.0034564505331218243
Time elapsed: 117.22053241729736s
Epoch 19
-------------------------------
loss_prev:  0.0034564505331218243
loss:  0.00141151063144207
Epoch 18 loss: 0.00141151063144207
Time elapsed: 111.52878832817078s
Epoch 20
-------------------------------
loss_prev:  0.00141151063144207
loss:  0.01139887422323227
Epoch 19 loss: 0.01139887422323227
Time elapsed: 113.324214220047s
Epoch 21
-------------------------------
loss_prev:  0.01139887422323227
loss:  0.00038967328146100044
Epoch 20 loss: 0.00038967328146100044
Time elapsed: 113.03745102882385s
Epoch 22
-------------------------------
loss_prev:  0.00038967328146100044
loss:  0.0029537759255617857
Epoch 21 loss: 0.0029537759255617857
Time elapsed: 112.07188057899475s
Epoch 23
-------------------------------
loss_prev:  0.0029537759255617857
loss:  0.0007209379691630602
Epoch 22 loss: 0.0007209379691630602
Time elapsed: 113.67268705368042s
Epoch 24
-------------------------------
loss_prev:  0.0007209379691630602
loss:  0.00020356015011202544
Loss improvement less than threshold, stop training at epoch 23, batch 7963
Training Done
For 13940 samples with label 0
Average score: 1.2487058639526367
Average loss: 1.1154606623919827
True Positive: 4914
False Positive: 1604
For 13940 samples with label 1
Average score: 1.7853739261627197
Average loss: 0.9934425822546014
True Negative: 12336
False Negative: 9026
--------------
Precision: 0.7539122430193311
Recall: 0.3525107604017217
FPR: 0.11506456241032999
Accuracy: 0.6187230989956959
F-score: 0.4803988659693031
Test Done
plot_roc
Threshold 1.498326063156128 was selected with Youden's J of 0.2893830703012914
For 13940 samples with label 0
Average score: 1.2487058639526367
Average loss: 1.1229774998746802
True Positive: 8766
False Positive: 4732
For 13940 samples with label 1
Average score: 1.785383701324463
Average loss: 0.985925744941867
True Negative: 9208
False Negative: 5174
--------------
Precision: 0.6494295451177953
Recall: 0.6288378766140602
FPR: 0.33945480631276903
Accuracy: 0.6446915351506456
F-score: 0.6389678547999126
Test Done

For margin 2
Epoch 1
-------------------------------
loss_prev:  inf
loss:  0.02053767256438732
Epoch 0 loss: 0.02053767256438732
Time elapsed: 115.57604765892029s
Epoch 2
-------------------------------
loss_prev:  0.02053767256438732
loss:  0.00482602883130312
Epoch 1 loss: 0.00482602883130312
Time elapsed: 115.7836709022522s
Epoch 3
-------------------------------
loss_prev:  0.00482602883130312
loss:  0.031514156609773636
Epoch 2 loss: 0.031514156609773636
Time elapsed: 112.8261559009552s
Epoch 4
-------------------------------
loss_prev:  0.031514156609773636
loss:  0.002227774355560541
Epoch 3 loss: 0.002227774355560541
Time elapsed: 114.66409516334534s
Epoch 5
-------------------------------
loss_prev:  0.002227774355560541
loss:  0.002433836692944169
Loss improvement less than threshold, stop training at epoch 4, batch 7963
Training Done
For 13940 samples with label 0
Average score: 2.7532496452331543
Average loss: 5.4663937004251
True Positive: 2193
False Positive: 197
For 13940 samples with label 1
Average score: 3.948802947998047
Average loss: 4.799880135122158
True Negative: 13743
False Negative: 11747
--------------
Precision: 0.9175732217573221
Recall: 0.1573170731707317
FPR: 0.014131994261119081
Accuracy: 0.5715925394548063
F-score: 0.2685854255970606
Test Done
plot_roc
Threshold 3.105194091796875 was selected with Youden's J of 0.29555236728837864
For 13940 samples with label 0
Average score: 2.7532496452331543
Average loss: 5.433005374058589
True Positive: 8125
False Positive: 4005
For 13940 samples with label 1
Average score: 3.948814630508423
Average loss: 4.833268458348094
True Negative: 9935
False Negative: 5815
--------------
Precision: 0.6698268755152514
Recall: 0.582855093256815
FPR: 0.28730272596843615
Accuracy: 0.6477761836441894
F-score: 0.6233218258534714
Test Done

For margin 5
Epoch 1
-------------------------------
loss_prev:  inf
loss:  0.08638176321983337
Epoch 0 loss: 0.08638176321983337
Time elapsed: 115.26678347587585s
Epoch 2
-------------------------------
loss_prev:  0.08638176321983337
loss:  0.02553575113415718
Epoch 1 loss: 0.02553575113415718
Time elapsed: 120.66125273704529s
Epoch 3
-------------------------------
loss_prev:  0.02553575113415718
loss:  0.019163914024829865
Epoch 2 loss: 0.019163914024829865
Time elapsed: 120.61228156089783s
Epoch 4
-------------------------------
loss_prev:  0.019163914024829865
loss:  0.03478595241904259
Epoch 3 loss: 0.03478595241904259
Time elapsed: 122.01717710494995s
Epoch 5
-------------------------------
loss_prev:  0.03478595241904259
loss:  0.03988039493560791
Epoch 4 loss: 0.03988039493560791
Time elapsed: 119.03355550765991s
Epoch 6
-------------------------------
loss_prev:  0.03988039493560791
loss:  0.019856896251440048
Epoch 5 loss: 0.019856896251440048
Time elapsed: 116.83407354354858s
Epoch 7
-------------------------------
loss_prev:  0.019856896251440048
loss:  0.009821689687669277
Epoch 6 loss: 0.009821689687669277
Time elapsed: 118.49834418296814s
Epoch 8
-------------------------------
loss_prev:  0.009821689687669277
loss:  0.02300378307700157
Epoch 7 loss: 0.02300378307700157
Time elapsed: 116.12065958976746s
Epoch 9
-------------------------------
loss_prev:  0.02300378307700157
loss:  0.012378701940178871
Epoch 8 loss: 0.012378701940178871
Time elapsed: 117.94199180603027s
Epoch 10
-------------------------------
loss_prev:  0.012378701940178871
loss:  0.06989278644323349
Epoch 9 loss: 0.06989278644323349
Time elapsed: 117.07016897201538s
Epoch 11
-------------------------------
loss_prev:  0.06989278644323349
loss:  0.0140153793618083
Epoch 10 loss: 0.0140153793618083
Time elapsed: 114.62288451194763s
Epoch 12
-------------------------------
loss_prev:  0.0140153793618083
loss:  0.07906484603881836
Epoch 11 loss: 0.07906484603881836
Time elapsed: 119.64440965652466s
Epoch 13
-------------------------------
loss_prev:  0.07906484603881836
loss:  0.010585330426692963
Epoch 12 loss: 0.010585330426692963
Time elapsed: 117.78012466430664s
Epoch 14
-------------------------------
loss_prev:  0.010585330426692963
loss:  0.0071200295351445675
Epoch 13 loss: 0.0071200295351445675
Time elapsed: 115.127605676651s
Epoch 15
-------------------------------
loss_prev:  0.0071200295351445675
loss:  0.0026562807615846395
Epoch 14 loss: 0.0026562807615846395
Time elapsed: 116.92005681991577s
Epoch 16
-------------------------------
loss_prev:  0.0026562807615846395
loss:  0.010703504085540771
Epoch 15 loss: 0.010703504085540771
Time elapsed: 115.5428192615509s
Epoch 17
-------------------------------
loss_prev:  0.010703504085540771
loss:  0.013972717337310314
Epoch 16 loss: 0.013972717337310314
Time elapsed: 102.08840560913086s
Epoch 18
-------------------------------
loss_prev:  0.013972717337310314
loss:  0.011123511008918285
Epoch 17 loss: 0.011123511008918285
Time elapsed: 99.70368504524231s
Epoch 19
-------------------------------
loss_prev:  0.011123511008918285
loss:  0.015738455578684807
Epoch 18 loss: 0.015738455578684807
Time elapsed: 103.7843451499939s
Epoch 20
-------------------------------
loss_prev:  0.015738455578684807
loss:  0.026236549019813538
Epoch 19 loss: 0.026236549019813538
Time elapsed: 117.01935458183289s
Epoch 21
-------------------------------
loss_prev:  0.026236549019813538
loss:  0.016535714268684387
Epoch 20 loss: 0.016535714268684387
Time elapsed: 101.94929218292236s
Epoch 22
-------------------------------
loss_prev:  0.016535714268684387
loss:  0.03568117320537567
Epoch 21 loss: 0.03568117320537567
Time elapsed: 103.49985814094543s
Epoch 23
-------------------------------
loss_prev:  0.03568117320537567
loss:  0.008371448144316673
Epoch 22 loss: 0.008371448144316673
Time elapsed: 103.67525148391724s
Epoch 24
-------------------------------
loss_prev:  0.008371448144316673
loss:  0.012143896892666817
Epoch 23 loss: 0.012143896892666817
Time elapsed: 101.22999930381775s
Epoch 25
-------------------------------
loss_prev:  0.012143896892666817
loss:  0.011882307939231396
Loss improvement less than threshold, stop training at epoch 24, batch 7963
Training Done
For 13940 samples with label 0
Average score: 7.8565192222595215
Average loss: 44.360199772405146
True Positive: 1717
False Positive: 14
For 13940 samples with label 1
Average score: 11.120550155639648
Average loss: 39.22166571668436
True Negative: 13926
False Negative: 12223
--------------
Precision: 0.9919121894858464
Recall: 0.12317073170731707
FPR: 0.0010043041606886656
Accuracy: 0.5610832137733142
F-score: 0.21913087869312745
Test Done
plot_roc
Threshold 9.095505714416504 was selected with Youden's J of 0.29160688665710177
For 13940 samples with label 0
Average score: 7.856503009796143
Average loss: 44.28908743919181
True Positive: 8433
False Positive: 4368
For 13940 samples with label 1
Average score: 11.120572090148926
Average loss: 39.292777943486676
True Negative: 9572
False Negative: 5507
--------------
Precision: 0.658776658073588
Recall: 0.6049497847919656
FPR: 0.3133428981348637
Accuracy: 0.6458034433285509
F-score: 0.6307168767061815
Test Done

For margin 10
Epoch 1
-------------------------------
loss_prev:  inf
loss:  0.013399854302406311
Epoch 0 loss: 0.013399854302406311
Time elapsed: 101.57778024673462s
Epoch 2
-------------------------------
loss_prev:  0.013399854302406311
loss:  0.06348447501659393
Epoch 1 loss: 0.06348447501659393
Time elapsed: 102.36085939407349s
Epoch 3
-------------------------------
loss_prev:  0.06348447501659393
loss:  0.04680277407169342
Epoch 2 loss: 0.04680277407169342
Time elapsed: 104.1429374217987s
Epoch 4
-------------------------------
loss_prev:  0.04680277407169342
loss:  0.09549226611852646
Epoch 3 loss: 0.09549226611852646
Time elapsed: 104.1139657497406s
Epoch 5
-------------------------------
loss_prev:  0.09549226611852646
loss:  0.07467462867498398
Epoch 4 loss: 0.07467462867498398
Time elapsed: 102.68074631690979s
Epoch 6
-------------------------------
loss_prev:  0.07467462867498398
loss:  0.08570315688848495
Epoch 5 loss: 0.08570315688848495
Time elapsed: 104.5438539981842s
Epoch 7
-------------------------------
loss_prev:  0.08570315688848495
loss:  0.015085998922586441
Epoch 6 loss: 0.015085998922586441
Time elapsed: 103.61567044258118s
Epoch 8
-------------------------------
loss_prev:  0.015085998922586441
loss:  0.00821501761674881
Epoch 7 loss: 0.00821501761674881
Time elapsed: 103.31770348548889s
Epoch 9
-------------------------------
loss_prev:  0.00821501761674881
loss:  0.07222380489110947
Epoch 8 loss: 0.07222380489110947
Time elapsed: 103.02787065505981s
Epoch 10
-------------------------------
loss_prev:  0.07222380489110947
loss:  0.04123755544424057
Epoch 9 loss: 0.04123755544424057
Time elapsed: 104.22326040267944s
Epoch 11
-------------------------------
loss_prev:  0.04123755544424057
loss:  1.220575213432312
Epoch 10 loss: 1.220575213432312
Time elapsed: 102.63257575035095s
Epoch 12
-------------------------------
loss_prev:  1.220575213432312
loss:  0.01862632855772972
Epoch 11 loss: 0.01862632855772972
Time elapsed: 103.24739980697632s
Epoch 13
-------------------------------
loss_prev:  0.01862632855772972
loss:  0.02755952626466751
Epoch 12 loss: 0.02755952626466751
Time elapsed: 102.29583764076233s
Epoch 14
-------------------------------
loss_prev:  0.02755952626466751
loss:  0.003350479993969202
Epoch 13 loss: 0.003350479993969202
Time elapsed: 101.56430673599243s
Epoch 15
-------------------------------
loss_prev:  0.003350479993969202
loss:  0.03341855853796005
Epoch 14 loss: 0.03341855853796005
Time elapsed: 102.94880366325378s
Epoch 16
-------------------------------
loss_prev:  0.03341855853796005
loss:  0.047824423760175705
Epoch 15 loss: 0.047824423760175705
Time elapsed: 103.38877725601196s
Epoch 17
-------------------------------
loss_prev:  0.047824423760175705
loss:  0.04037187248468399
Epoch 16 loss: 0.04037187248468399
Time elapsed: 100.16930150985718s
Epoch 18
-------------------------------
loss_prev:  0.04037187248468399
loss:  0.042631398886442184
Epoch 17 loss: 0.042631398886442184
Time elapsed: 102.55713510513306s
Epoch 19
-------------------------------
loss_prev:  0.042631398886442184
loss:  0.10594400763511658
Epoch 18 loss: 0.10594400763511658
Time elapsed: 103.29747748374939s
Epoch 20
-------------------------------
loss_prev:  0.10594400763511658
loss:  0.10563888400793076
Loss improvement less than threshold, stop training at epoch 19, batch 7963
Training Done
For 13940 samples with label 0
Average score: 15.499748229980469
Average loss: 174.46023758644696
True Positive: 1682
False Positive: 1
For 13940 samples with label 1
Average score: 22.00619125366211
Average loss: 153.50411907706405
True Negative: 13940
False Negative: 12258
--------------
Precision: 0.9994058229352347
Recall: 0.12065997130559541
FPR: 7.17308657915501e-05
Accuracy: 0.560309888454503
F-score: 0.21532356141586126
Test Done
plot_roc
Threshold 16.883895874023438 was selected with Youden's J of 0.2826398852223817
For 13940 samples with label 0
Average score: 15.499761581420898
Average loss: 174.1646949980146
True Positive: 7834
False Positive: 3894
For 13940 samples with label 1
Average score: 22.006223678588867
Average loss: 153.79966131905402
True Negative: 10046
False Negative: 6106
--------------
Precision: 0.6679740791268759
Recall: 0.5619799139167863
FPR: 0.2793400286944046
Accuracy: 0.6413199426111909
F-score: 0.6104098488390215
Test Done

For margin 20
Epoch 1
-------------------------------
loss_prev:  inf
loss:  0.34985804557800293
Epoch 0 loss: 0.34985804557800293
Time elapsed: 101.74524092674255s
Epoch 2
-------------------------------
loss_prev:  0.34985804557800293
loss:  0.399027556180954
Epoch 1 loss: 0.399027556180954
Time elapsed: 100.35542845726013s
Epoch 3
-------------------------------
loss_prev:  0.399027556180954
loss:  0.688399076461792
Epoch 2 loss: 0.688399076461792
Time elapsed: 103.03416204452515s
Epoch 4
-------------------------------
loss_prev:  0.688399076461792
loss:  0.00554964505136013
Epoch 3 loss: 0.00554964505136013
Time elapsed: 103.00171494483948s
Epoch 5
-------------------------------
loss_prev:  0.00554964505136013
loss:  0.035001542419195175
Epoch 4 loss: 0.035001542419195175
Time elapsed: 101.02800941467285s
Epoch 6
-------------------------------
loss_prev:  0.035001542419195175
loss:  0.06060516834259033
Epoch 5 loss: 0.06060516834259033
Time elapsed: 103.51249122619629s
Epoch 7
-------------------------------
loss_prev:  0.06060516834259033
loss:  0.3216208219528198
Epoch 6 loss: 0.3216208219528198
Time elapsed: 102.62715744972229s
Epoch 8
-------------------------------
loss_prev:  0.3216208219528198
loss:  0.06926378607749939
Epoch 7 loss: 0.06926378607749939
Time elapsed: 101.42685008049011s
Epoch 9
-------------------------------
loss_prev:  0.06926378607749939
loss:  0.477626770734787
Epoch 8 loss: 0.477626770734787
Time elapsed: 102.38383674621582s
Epoch 10
-------------------------------
loss_prev:  0.477626770734787
loss:  0.08840383589267731
Epoch 9 loss: 0.08840383589267731
Time elapsed: 103.21964263916016s
Epoch 11
-------------------------------
loss_prev:  0.08840383589267731
loss:  0.6511392593383789
Epoch 10 loss: 0.6511392593383789
Time elapsed: 102.56382584571838s
Epoch 12
-------------------------------
loss_prev:  0.6511392593383789
loss:  0.13036438822746277
Epoch 11 loss: 0.13036438822746277
Time elapsed: 103.99464750289917s
Epoch 13
-------------------------------
loss_prev:  0.13036438822746277
loss:  0.24422955513000488
Epoch 12 loss: 0.24422955513000488
Time elapsed: 102.7636194229126s
Epoch 14
-------------------------------
loss_prev:  0.24422955513000488
loss:  0.06068170815706253
Epoch 13 loss: 0.06068170815706253
Time elapsed: 102.49196767807007s
Epoch 15
-------------------------------
loss_prev:  0.06068170815706253
loss:  3.1941850185394287
Epoch 14 loss: 3.1941850185394287
Time elapsed: 102.9755539894104s
Epoch 16
-------------------------------
loss_prev:  3.1941850185394287
loss:  0.2989591360092163
Epoch 15 loss: 0.2989591360092163
Time elapsed: 103.13426160812378s
Epoch 17
-------------------------------
loss_prev:  0.2989591360092163
loss:  0.1193699762225151
Epoch 16 loss: 0.1193699762225151
Time elapsed: 100.33988499641418s
Epoch 18
-------------------------------
loss_prev:  0.1193699762225151
loss:  0.3690592050552368
Epoch 17 loss: 0.3690592050552368
Time elapsed: 104.2373673915863s
Epoch 19
-------------------------------
loss_prev:  0.3690592050552368
loss:  0.01508398912847042
Epoch 18 loss: 0.01508398912847042
Time elapsed: 104.55683851242065s
Epoch 20
-------------------------------
loss_prev:  0.01508398912847042
loss:  0.34902340173721313
Epoch 19 loss: 0.34902340173721313
Time elapsed: 103.1344792842865s
Epoch 21
-------------------------------
loss_prev:  0.34902340173721313
loss:  0.14649397134780884
Epoch 20 loss: 0.14649397134780884
Time elapsed: 103.83861184120178s
Epoch 22
-------------------------------
loss_prev:  0.14649397134780884
loss:  0.3349066376686096
Epoch 21 loss: 0.3349066376686096
Time elapsed: 105.00883531570435s
Epoch 23
-------------------------------
loss_prev:  0.3349066376686096
loss:  0.28207895159721375
Epoch 22 loss: 0.28207895159721375
Time elapsed: 101.9031491279602s
Epoch 24
-------------------------------
loss_prev:  0.28207895159721375
loss:  0.10634788125753403
Epoch 23 loss: 0.10634788125753403
Time elapsed: 102.40886521339417s
Epoch 25
-------------------------------
loss_prev:  0.10634788125753403
loss:  0.25074243545532227
Epoch 24 loss: 0.25074243545532227
Time elapsed: 102.08851313591003s
Epoch 26
-------------------------------
loss_prev:  0.25074243545532227
loss:  0.7774002552032471
Epoch 25 loss: 0.7774002552032471
Time elapsed: 101.09673309326172s
Epoch 27
-------------------------------
loss_prev:  0.7774002552032471
loss:  0.38188380002975464
Epoch 26 loss: 0.38188380002975464
Time elapsed: 103.12011003494263s
Epoch 28
-------------------------------
loss_prev:  0.38188380002975464
loss:  0.18865451216697693
Epoch 27 loss: 0.18865451216697693
Time elapsed: 102.968266248703s
Epoch 29
-------------------------------
loss_prev:  0.18865451216697693
loss:  0.07343026995658875
Epoch 28 loss: 0.07343026995658875
Time elapsed: 101.86275482177734s
Epoch 30
-------------------------------
loss_prev:  0.07343026995658875
loss:  0.15382209420204163
Epoch 29 loss: 0.15382209420204163
Time elapsed: 102.67128944396973s
Epoch 31
-------------------------------
loss_prev:  0.15382209420204163
loss:  0.18174348771572113
Epoch 30 loss: 0.18174348771572113
Time elapsed: 102.12108826637268s
Epoch 32
-------------------------------
loss_prev:  0.18174348771572113
loss:  0.04919110983610153
Epoch 31 loss: 0.04919110983610153
Time elapsed: 100.40938353538513s
Epoch 33
-------------------------------
loss_prev:  0.04919110983610153
loss:  0.10753186047077179
Epoch 32 loss: 0.10753186047077179
Time elapsed: 100.89205861091614s
Epoch 34
-------------------------------
loss_prev:  0.10753186047077179
loss:  0.07586867362260818
Epoch 33 loss: 0.07586867362260818
Time elapsed: 100.34353256225586s
Epoch 35
-------------------------------
loss_prev:  0.07586867362260818
loss:  0.13470569252967834
Epoch 34 loss: 0.13470569252967834
Time elapsed: 100.65995621681213s
Epoch 36
-------------------------------
loss_prev:  0.13470569252967834
loss:  0.151107519865036
Epoch 35 loss: 0.151107519865036
Time elapsed: 101.37141060829163s
Epoch 37
-------------------------------
loss_prev:  0.151107519865036
loss:  0.04334486275911331
Epoch 36 loss: 0.04334486275911331
Time elapsed: 101.6441080570221s
Epoch 38
-------------------------------
loss_prev:  0.04334486275911331
loss:  0.09335404634475708
Epoch 37 loss: 0.09335404634475708
Time elapsed: 101.46586346626282s
Epoch 39
-------------------------------
loss_prev:  0.09335404634475708
loss:  0.331734299659729
Epoch 38 loss: 0.331734299659729
Time elapsed: 102.2643461227417s
Epoch 40
-------------------------------
loss_prev:  0.331734299659729
loss:  0.13912664353847504
Epoch 39 loss: 0.13912664353847504
Time elapsed: 103.28748893737793s
Epoch 41
-------------------------------
loss_prev:  0.13912664353847504
loss:  0.8914647102355957
Epoch 40 loss: 0.8914647102355957
Time elapsed: 102.1543562412262s
Epoch 42
-------------------------------
loss_prev:  0.8914647102355957
loss:  0.04011057689785957
Epoch 41 loss: 0.04011057689785957
Time elapsed: 102.38123893737793s
Epoch 43
-------------------------------
loss_prev:  0.04011057689785957
loss:  0.03615787625312805
Epoch 42 loss: 0.03615787625312805
Time elapsed: 102.83965539932251s
Epoch 44
-------------------------------
loss_prev:  0.03615787625312805
loss:  0.0896167978644371
Epoch 43 loss: 0.0896167978644371
Time elapsed: 102.46910262107849s
Epoch 45
-------------------------------
loss_prev:  0.0896167978644371
loss:  0.029238371178507805
Epoch 44 loss: 0.029238371178507805
Time elapsed: 103.69997596740723s
Epoch 46
-------------------------------
loss_prev:  0.029238371178507805
loss:  0.15216800570487976
Epoch 45 loss: 0.15216800570487976
Time elapsed: 103.54419803619385s
Epoch 47
-------------------------------
loss_prev:  0.15216800570487976
loss:  0.041719432920217514
Epoch 46 loss: 0.041719432920217514
Time elapsed: 100.40756416320801s
Epoch 48
-------------------------------
loss_prev:  0.041719432920217514
loss:  0.014639127068221569
Epoch 47 loss: 0.014639127068221569
Time elapsed: 102.12258052825928s
Epoch 49
-------------------------------
loss_prev:  0.014639127068221569
loss:  0.38350462913513184
Epoch 48 loss: 0.38350462913513184
Time elapsed: 102.71436071395874s
Epoch 50
-------------------------------
loss_prev:  0.38350462913513184
loss:  0.056202344596385956
Epoch 49 loss: 0.056202344596385956
Time elapsed: 102.7070255279541s
Epoch 51
-------------------------------
loss_prev:  0.056202344596385956
loss:  0.08056607097387314
Epoch 50 loss: 0.08056607097387314
Time elapsed: 104.74889731407166s
Epoch 52
-------------------------------
loss_prev:  0.08056607097387314
loss:  0.19641157984733582
Epoch 51 loss: 0.19641157984733582
Time elapsed: 102.68074655532837s
Epoch 53
-------------------------------
loss_prev:  0.19641157984733582
loss:  0.02362344041466713
Epoch 52 loss: 0.02362344041466713
Time elapsed: 104.06603455543518s
Epoch 54
-------------------------------
loss_prev:  0.02362344041466713
loss:  0.1441861242055893
Epoch 53 loss: 0.1441861242055893
Time elapsed: 104.63445901870728s
Epoch 55
-------------------------------
loss_prev:  0.1441861242055893
loss:  0.4507567286491394
Epoch 54 loss: 0.4507567286491394
Time elapsed: 103.52629470825195s
Epoch 56
-------------------------------
loss_prev:  0.4507567286491394
loss:  0.026875225827097893
Epoch 55 loss: 0.026875225827097893
Time elapsed: 105.11917924880981s
Epoch 57
-------------------------------
loss_prev:  0.026875225827097893
loss:  0.08568727970123291
Epoch 56 loss: 0.08568727970123291
Time elapsed: 104.23069524765015s
Epoch 58
-------------------------------
loss_prev:  0.08568727970123291
loss:  0.2709364593029022
Epoch 57 loss: 0.2709364593029022
Time elapsed: 102.51979207992554s
Epoch 59
-------------------------------
loss_prev:  0.2709364593029022
loss:  0.11333517730236053
Epoch 58 loss: 0.11333517730236053
Time elapsed: 105.49023723602295s
Epoch 60
-------------------------------
loss_prev:  0.11333517730236053
loss:  0.11201326549053192
Epoch 59 loss: 0.11201326549053192
Time elapsed: 103.98158478736877s
Epoch 61
-------------------------------
loss_prev:  0.11201326549053192
loss:  0.03023577854037285
Epoch 60 loss: 0.03023577854037285
Time elapsed: 102.42347741127014s
Epoch 62
-------------------------------
loss_prev:  0.03023577854037285
loss:  0.1840139925479889
Epoch 61 loss: 0.1840139925479889
Time elapsed: 103.0802960395813s
Epoch 63
-------------------------------
loss_prev:  0.1840139925479889
loss:  0.046502403914928436
Epoch 62 loss: 0.046502403914928436
Time elapsed: 102.94950938224792s
Epoch 64
-------------------------------
loss_prev:  0.046502403914928436
loss:  0.16301095485687256
Epoch 63 loss: 0.16301095485687256
Time elapsed: 102.64353442192078s
Epoch 65
-------------------------------
loss_prev:  0.16301095485687256
loss:  0.07458361983299255
Epoch 64 loss: 0.07458361983299255
Time elapsed: 104.47490739822388s
Epoch 66
-------------------------------
loss_prev:  0.07458361983299255
loss:  0.1122780293226242
Epoch 65 loss: 0.1122780293226242
Time elapsed: 104.81249904632568s
Epoch 67
-------------------------------
loss_prev:  0.1122780293226242
loss:  0.15694472193717957
Epoch 66 loss: 0.15694472193717957
Time elapsed: 102.58253645896912s
Epoch 68
-------------------------------
loss_prev:  0.15694472193717957
loss:  0.11556760966777802
Epoch 67 loss: 0.11556760966777802
Time elapsed: 104.48231887817383s
Epoch 69
-------------------------------
loss_prev:  0.11556760966777802
loss:  0.21553969383239746
Epoch 68 loss: 0.21553969383239746
Time elapsed: 106.13520622253418s
Epoch 70
-------------------------------
loss_prev:  0.21553969383239746
loss:  0.12108316272497177
Epoch 69 loss: 0.12108316272497177
Time elapsed: 101.67680478096008s
Epoch 71
-------------------------------
loss_prev:  0.12108316272497177
loss:  0.20455798506736755
Epoch 70 loss: 0.20455798506736755
Time elapsed: 121.23561453819275s
Epoch 72
-------------------------------
loss_prev:  0.20455798506736755
loss:  0.17946277558803558
Epoch 71 loss: 0.17946277558803558
Time elapsed: 133.1800901889801s
Epoch 73
-------------------------------
loss_prev:  0.17946277558803558
loss:  0.5759153366088867
Epoch 72 loss: 0.5759153366088867
Time elapsed: 133.76509165763855s
Epoch 74
-------------------------------
loss_prev:  0.5759153366088867
loss:  0.028376758098602295
Epoch 73 loss: 0.028376758098602295
Time elapsed: 133.156263589859s
Epoch 75
-------------------------------
loss_prev:  0.028376758098602295
loss:  0.07837450504302979
Epoch 74 loss: 0.07837450504302979
Time elapsed: 132.87688970565796s
Epoch 76
-------------------------------
loss_prev:  0.07837450504302979
loss:  0.21413151919841766
Epoch 75 loss: 0.21413151919841766
Time elapsed: 133.26436042785645s
Epoch 77
-------------------------------
loss_prev:  0.21413151919841766
loss:  0.20063035190105438
Epoch 76 loss: 0.20063035190105438
Time elapsed: 133.60398292541504s
Epoch 78
-------------------------------
loss_prev:  0.20063035190105438
loss:  0.2900948226451874
Epoch 77 loss: 0.2900948226451874
Time elapsed: 134.05186676979065s
Epoch 79
-------------------------------
loss_prev:  0.2900948226451874
loss:  0.7624709010124207
Epoch 78 loss: 0.7624709010124207
Time elapsed: 134.09746193885803s
Epoch 80
-------------------------------
loss_prev:  0.7624709010124207
loss:  0.03800589591264725
Epoch 79 loss: 0.03800589591264725
Time elapsed: 135.0934703350067s
Epoch 81
-------------------------------
loss_prev:  0.03800589591264725
loss:  0.09876244515180588
Epoch 80 loss: 0.09876244515180588
Time elapsed: 133.12279653549194s
Epoch 82
-------------------------------
loss_prev:  0.09876244515180588
loss:  0.015310938470065594
Epoch 81 loss: 0.015310938470065594
Time elapsed: 133.99056005477905s
Epoch 83
-------------------------------
loss_prev:  0.015310938470065594
loss:  0.028143232688307762
Epoch 82 loss: 0.028143232688307762
Time elapsed: 133.41145300865173s
Epoch 84
-------------------------------
loss_prev:  0.028143232688307762
loss:  0.08488582819700241
Epoch 83 loss: 0.08488582819700241
Time elapsed: 141.99951815605164s
Epoch 85
-------------------------------
loss_prev:  0.08488582819700241
loss:  0.032898783683776855
Epoch 84 loss: 0.032898783683776855
Time elapsed: 166.58939957618713s
Epoch 86
-------------------------------
loss_prev:  0.032898783683776855
loss:  0.09634487330913544
Epoch 85 loss: 0.09634487330913544
Time elapsed: 174.839501619339s
Epoch 87
-------------------------------
loss_prev:  0.09634487330913544
loss:  0.2504337430000305
Epoch 86 loss: 0.2504337430000305
Time elapsed: 169.32381105422974s
Epoch 88
-------------------------------
loss_prev:  0.2504337430000305
loss:  0.06688713282346725
Epoch 87 loss: 0.06688713282346725
Time elapsed: 169.70450472831726s
Epoch 89
-------------------------------
loss_prev:  0.06688713282346725
loss:  0.2168509066104889
Epoch 88 loss: 0.2168509066104889
Time elapsed: 174.68056416511536s
Epoch 90
-------------------------------
loss_prev:  0.2168509066104889
loss:  0.04809948801994324
Epoch 89 loss: 0.04809948801994324
Time elapsed: 169.7809784412384s
Epoch 91
-------------------------------
loss_prev:  0.04809948801994324
loss:  0.016365038231015205
Epoch 90 loss: 0.016365038231015205
Time elapsed: 174.9660985469818s
Epoch 92
-------------------------------
loss_prev:  0.016365038231015205
loss:  0.04657213017344475
Epoch 91 loss: 0.04657213017344475
Time elapsed: 162.8721182346344s
Epoch 93
-------------------------------
loss_prev:  0.04657213017344475
loss:  0.032415226101875305
Epoch 92 loss: 0.032415226101875305
Time elapsed: 175.4925889968872s
Epoch 94
-------------------------------
loss_prev:  0.032415226101875305
loss:  0.1422376185655594
Epoch 93 loss: 0.1422376185655594
Time elapsed: 175.26004576683044s
Epoch 95
-------------------------------
loss_prev:  0.1422376185655594
loss:  0.14094796776771545
Epoch 94 loss: 0.14094796776771545
Time elapsed: 175.0548918247223s
Epoch 96
-------------------------------
loss_prev:  0.14094796776771545
loss:  0.5258998274803162
Epoch 95 loss: 0.5258998274803162
Time elapsed: 175.24851846694946s
Epoch 97
-------------------------------
loss_prev:  0.5258998274803162
loss:  0.09459006041288376
Epoch 96 loss: 0.09459006041288376
Time elapsed: 166.78947186470032s
Epoch 98
-------------------------------
loss_prev:  0.09459006041288376
loss:  0.10513073205947876
Epoch 97 loss: 0.10513073205947876
Time elapsed: 161.67827081680298s
Epoch 99
-------------------------------
loss_prev:  0.10513073205947876
loss:  0.06467504054307938
Epoch 98 loss: 0.06467504054307938
Time elapsed: 133.572092294693s
Epoch 100
-------------------------------
loss_prev:  0.06467504054307938
loss:  0.10153810679912567
Epoch 99 loss: 0.10153810679912567
Time elapsed: 133.314621925354s
Epoch 101
-------------------------------
loss_prev:  0.10153810679912567
loss:  0.03775157779455185
Epoch 100 loss: 0.03775157779455185
Time elapsed: 133.39737510681152s
Epoch 102
-------------------------------
loss_prev:  0.03775157779455185
loss:  0.15186600387096405
Epoch 101 loss: 0.15186600387096405
Time elapsed: 133.1305055618286s
Epoch 103
-------------------------------
loss_prev:  0.15186600387096405
loss:  0.08555556833744049
Epoch 102 loss: 0.08555556833744049
Time elapsed: 139.46478247642517s
Epoch 104
-------------------------------
loss_prev:  0.08555556833744049
loss:  0.0736166387796402
Epoch 103 loss: 0.0736166387796402
Time elapsed: 141.53407049179077s
Epoch 105
-------------------------------
loss_prev:  0.0736166387796402
loss:  0.0999525785446167
Epoch 104 loss: 0.0999525785446167
Time elapsed: 143.36889362335205s
Epoch 106
-------------------------------
loss_prev:  0.0999525785446167
loss:  0.10704071819782257
Epoch 105 loss: 0.10704071819782257
Time elapsed: 139.46105432510376s
Epoch 107
-------------------------------
loss_prev:  0.10704071819782257
loss:  0.046108685433864594
Epoch 106 loss: 0.046108685433864594
Time elapsed: 137.94238018989563s
Epoch 108
-------------------------------
loss_prev:  0.046108685433864594
loss:  0.015093807131052017
Epoch 107 loss: 0.015093807131052017
Time elapsed: 138.34636878967285s
Epoch 109
-------------------------------
loss_prev:  0.015093807131052017
loss:  0.12727408111095428
Epoch 108 loss: 0.12727408111095428
Time elapsed: 136.4285318851471s
Epoch 110
-------------------------------
loss_prev:  0.12727408111095428
loss:  0.014118736609816551
Epoch 109 loss: 0.014118736609816551
Time elapsed: 137.0514166355133s
Epoch 111
-------------------------------
loss_prev:  0.014118736609816551
loss:  0.03991033881902695
Epoch 110 loss: 0.03991033881902695
Time elapsed: 137.03731489181519s
Epoch 112
-------------------------------
loss_prev:  0.03991033881902695
loss:  0.06560394912958145
Epoch 111 loss: 0.06560394912958145
Time elapsed: 137.83558535575867s
Epoch 113
-------------------------------
loss_prev:  0.06560394912958145
loss:  0.16344568133354187
Epoch 112 loss: 0.16344568133354187
Time elapsed: 120.22657895088196s
Epoch 114
-------------------------------
loss_prev:  0.16344568133354187
loss:  0.18294388055801392
Epoch 113 loss: 0.18294388055801392
Time elapsed: 122.74186301231384s
Epoch 115
-------------------------------
loss_prev:  0.18294388055801392
loss:  0.09801125526428223
Epoch 114 loss: 0.09801125526428223
Time elapsed: 118.4149374961853s
Epoch 116
-------------------------------
loss_prev:  0.09801125526428223
loss:  0.038395751267671585
Epoch 115 loss: 0.038395751267671585
Time elapsed: 116.12237191200256s
Epoch 117
-------------------------------
loss_prev:  0.038395751267671585
loss:  0.03737521916627884
Epoch 116 loss: 0.03737521916627884
Time elapsed: 113.56320381164551s
Epoch 118
-------------------------------
loss_prev:  0.03737521916627884
loss:  0.07840189337730408
Epoch 117 loss: 0.07840189337730408
Time elapsed: 113.78362607955933s
Epoch 119
-------------------------------
loss_prev:  0.07840189337730408
loss:  0.09646138548851013
Epoch 118 loss: 0.09646138548851013
Time elapsed: 133.79373931884766s
Epoch 120
-------------------------------
loss_prev:  0.09646138548851013
loss:  0.05466359108686447
Epoch 119 loss: 0.05466359108686447
Time elapsed: 134.27822494506836s
Epoch 121
-------------------------------
loss_prev:  0.05466359108686447
loss:  0.3342723548412323
Epoch 120 loss: 0.3342723548412323
Time elapsed: 136.16288328170776s
Epoch 122
-------------------------------
loss_prev:  0.3342723548412323
loss:  0.07168611139059067
Epoch 121 loss: 0.07168611139059067
Time elapsed: 137.29591345787048s
Epoch 123
-------------------------------
loss_prev:  0.07168611139059067
loss:  0.06327439844608307
Epoch 122 loss: 0.06327439844608307
Time elapsed: 134.3268117904663s
Epoch 124
-------------------------------
loss_prev:  0.06327439844608307
loss:  0.05998743698000908
Epoch 123 loss: 0.05998743698000908
Time elapsed: 134.50712966918945s
Epoch 125
-------------------------------
loss_prev:  0.05998743698000908
loss:  0.12860479950904846
Epoch 124 loss: 0.12860479950904846
Time elapsed: 134.50096082687378s
Epoch 126
-------------------------------
loss_prev:  0.12860479950904846
loss:  0.416267454624176
Epoch 125 loss: 0.416267454624176
Time elapsed: 134.5993094444275s
Epoch 127
-------------------------------
loss_prev:  0.416267454624176
loss:  0.04448198899626732
Epoch 126 loss: 0.04448198899626732
Time elapsed: 134.45884084701538s
Epoch 128
-------------------------------
loss_prev:  0.04448198899626732
loss:  0.3963688015937805
Epoch 127 loss: 0.3963688015937805
Time elapsed: 135.06992411613464s
Epoch 129
-------------------------------
loss_prev:  0.3963688015937805
loss:  0.06922094523906708
Epoch 128 loss: 0.06922094523906708
Time elapsed: 135.02257370948792s
Epoch 130
-------------------------------
loss_prev:  0.06922094523906708
loss:  0.027928179129958153
Epoch 129 loss: 0.027928179129958153
Time elapsed: 134.65254950523376s
Epoch 131
-------------------------------
loss_prev:  0.027928179129958153
loss:  0.11671119928359985
Epoch 130 loss: 0.11671119928359985
Time elapsed: 135.2906506061554s
Epoch 132
-------------------------------
loss_prev:  0.11671119928359985
loss:  0.028296425938606262
Epoch 131 loss: 0.028296425938606262
Time elapsed: 134.92045259475708s
Epoch 133
-------------------------------
loss_prev:  0.028296425938606262
loss:  0.04390211030840874
Epoch 132 loss: 0.04390211030840874
Time elapsed: 135.24759006500244s
Epoch 134
-------------------------------
loss_prev:  0.04390211030840874
loss:  0.09634970873594284
Epoch 133 loss: 0.09634970873594284
Time elapsed: 134.1720130443573s
Epoch 135
-------------------------------
loss_prev:  0.09634970873594284
loss:  0.07611555606126785
Epoch 134 loss: 0.07611555606126785
Time elapsed: 135.52506637573242s
Epoch 136
-------------------------------
loss_prev:  0.07611555606126785
loss:  0.16912922263145447
Epoch 135 loss: 0.16912922263145447
Time elapsed: 136.53768110275269s
Epoch 137
-------------------------------
loss_prev:  0.16912922263145447
loss:  0.04701966047286987
Epoch 136 loss: 0.04701966047286987
Time elapsed: 135.21166276931763s
Epoch 138
-------------------------------
loss_prev:  0.04701966047286987
loss:  0.059440772980451584
Epoch 137 loss: 0.059440772980451584
Time elapsed: 134.98018980026245s
Epoch 139
-------------------------------
loss_prev:  0.059440772980451584
loss:  0.08077962696552277
Epoch 138 loss: 0.08077962696552277
Time elapsed: 135.46473097801208s
Epoch 140
-------------------------------
loss_prev:  0.08077962696552277
loss:  0.057470403611660004
Epoch 139 loss: 0.057470403611660004
Time elapsed: 135.24863028526306s
Epoch 141
-------------------------------
loss_prev:  0.057470403611660004
loss:  1.619377613067627
Epoch 140 loss: 1.619377613067627
Time elapsed: 135.07872128486633s
Epoch 142
-------------------------------
loss_prev:  1.619377613067627
loss:  0.05890607833862305
Epoch 141 loss: 0.05890607833862305
Time elapsed: 134.86343479156494s
Epoch 143
-------------------------------
loss_prev:  0.05890607833862305
loss:  0.20091067254543304
Epoch 142 loss: 0.20091067254543304
Time elapsed: 136.54898142814636s
Epoch 144
-------------------------------
loss_prev:  0.20091067254543304
loss:  0.03482109308242798
Epoch 143 loss: 0.03482109308242798
Time elapsed: 135.2438461780548s
Epoch 145
-------------------------------
loss_prev:  0.03482109308242798
loss:  0.11921542882919312
Epoch 144 loss: 0.11921542882919312
Time elapsed: 134.6732461452484s
Epoch 146
-------------------------------
loss_prev:  0.11921542882919312
loss:  0.9695188403129578
Epoch 145 loss: 0.9695188403129578
Time elapsed: 135.20069694519043s
Epoch 147
-------------------------------
loss_prev:  0.9695188403129578
loss:  0.18012210726737976
Epoch 146 loss: 0.18012210726737976
Time elapsed: 135.13625979423523s
Epoch 148
-------------------------------
loss_prev:  0.18012210726737976
loss:  0.03593914583325386
Epoch 147 loss: 0.03593914583325386
Time elapsed: 134.91914200782776s
Epoch 149
-------------------------------
loss_prev:  0.03593914583325386
loss:  0.038749098777770996
Epoch 148 loss: 0.038749098777770996
Time elapsed: 135.09432673454285s
Epoch 150
-------------------------------
loss_prev:  0.038749098777770996
loss:  0.12260164320468903
Epoch 149 loss: 0.12260164320468903
Time elapsed: 133.78423166275024s
Epoch 151
-------------------------------
loss_prev:  0.12260164320468903
loss:  0.05476485192775726
Epoch 150 loss: 0.05476485192775726
Time elapsed: 134.788339138031s
Epoch 152
-------------------------------
loss_prev:  0.05476485192775726
loss:  0.0800887793302536
Epoch 151 loss: 0.0800887793302536
Time elapsed: 134.36810278892517s
Epoch 153
-------------------------------
loss_prev:  0.0800887793302536
loss:  0.08691831678152084
Epoch 152 loss: 0.08691831678152084
Time elapsed: 135.20338582992554s
Epoch 154
-------------------------------
loss_prev:  0.08691831678152084
loss:  0.18123584985733032
Epoch 153 loss: 0.18123584985733032
Time elapsed: 134.9768524169922s
Epoch 155
-------------------------------
loss_prev:  0.18123584985733032
loss:  0.12433400005102158
Epoch 154 loss: 0.12433400005102158
Time elapsed: 135.23324847221375s
Epoch 156
-------------------------------
loss_prev:  0.12433400005102158
loss:  0.027444420382380486
Epoch 155 loss: 0.027444420382380486
Time elapsed: 134.82515788078308s
Epoch 157
-------------------------------
loss_prev:  0.027444420382380486
loss:  0.02679908648133278
Loss improvement less than threshold, stop training at epoch 156, batch 7963
Training Done
For 13940 samples with label 0
Average score: 32.18937301635742
Average loss: 740.8764535401781
True Positive: 1680
False Positive: 1
For 13940 samples with label 1
Average score: 45.1812858581543
Average loss: 657.12522425891
True Negative: 13940
False Negative: 12260
--------------
Precision: 0.9994051160023796
Recall: 0.12051649928263988
FPR: 7.17308657915501e-05
Accuracy: 0.5602381550159606
F-score: 0.21509506433647013
Test Done
plot_roc
Threshold 37.87248992919922 was selected with Youden's J of 0.2804160688665711
For 13940 samples with label 0
Average score: 32.18942642211914
Average loss: 742.9382625683821
True Positive: 8647
False Positive: 4738
For 13940 samples with label 1
Average score: 45.18126678466797
Average loss: 655.0634134010057
True Negative: 9202
False Negative: 5293
--------------
Precision: 0.6460216660440792
Recall: 0.6203012912482067
FPR: 0.3398852223816356
Accuracy: 0.6402080344332856
F-score: 0.632900274473925
Test Done

For margin 30
Epoch 1
-------------------------------
loss_prev:  inf
loss:  0.23218759894371033
Epoch 0 loss: 0.23218759894371033
Time elapsed: 135.14457607269287s
Epoch 2
-------------------------------
loss_prev:  0.23218759894371033
loss:  0.6429110765457153
Epoch 1 loss: 0.6429110765457153
Time elapsed: 135.49224495887756s
Epoch 3
-------------------------------
loss_prev:  0.6429110765457153
loss:  0.031200647354125977
Epoch 2 loss: 0.031200647354125977
Time elapsed: 119.60728740692139s
Epoch 4
-------------------------------
loss_prev:  0.031200647354125977
loss:  0.06662655621767044
Epoch 3 loss: 0.06662655621767044
Time elapsed: 113.65068864822388s
Epoch 5
-------------------------------
loss_prev:  0.06662655621767044
loss:  0.056350719183683395
Epoch 4 loss: 0.056350719183683395
Time elapsed: 115.72443437576294s
Epoch 6
-------------------------------
loss_prev:  0.056350719183683395
loss:  0.5744315385818481
Epoch 5 loss: 0.5744315385818481
Time elapsed: 113.3333854675293s
Epoch 7
-------------------------------
loss_prev:  0.5744315385818481
loss:  0.13070181012153625
Epoch 6 loss: 0.13070181012153625
Time elapsed: 115.21796369552612s
Epoch 8
-------------------------------
loss_prev:  0.13070181012153625
loss:  0.08638670295476913
Epoch 7 loss: 0.08638670295476913
Time elapsed: 113.88906788825989s
Epoch 9
-------------------------------
loss_prev:  0.08638670295476913
loss:  0.6406729221343994
Epoch 8 loss: 0.6406729221343994
Time elapsed: 135.0467119216919s
Epoch 10
-------------------------------
loss_prev:  0.6406729221343994
loss:  0.19007264077663422
Epoch 9 loss: 0.19007264077663422
Time elapsed: 135.15003657341003s
Epoch 11
-------------------------------
loss_prev:  0.19007264077663422
loss:  0.05053199455142021
Epoch 10 loss: 0.05053199455142021
Time elapsed: 134.71125149726868s
Epoch 12
-------------------------------
loss_prev:  0.05053199455142021
loss:  0.1338050365447998
Epoch 11 loss: 0.1338050365447998
Time elapsed: 135.02261590957642s
Epoch 13
-------------------------------
loss_prev:  0.1338050365447998
loss:  0.0828091949224472
Epoch 12 loss: 0.0828091949224472
Time elapsed: 134.52162170410156s
Epoch 14
-------------------------------
loss_prev:  0.0828091949224472
loss:  0.6903716325759888
Epoch 13 loss: 0.6903716325759888
Time elapsed: 135.5227563381195s
Epoch 15
-------------------------------
loss_prev:  0.6903716325759888
loss:  0.9418634176254272
Epoch 14 loss: 0.9418634176254272
Time elapsed: 135.37977027893066s
Epoch 16
-------------------------------
loss_prev:  0.9418634176254272
loss:  0.20135566592216492
Epoch 15 loss: 0.20135566592216492
Time elapsed: 134.46238493919373s
Epoch 17
-------------------------------
loss_prev:  0.20135566592216492
loss:  0.3171989917755127
Epoch 16 loss: 0.3171989917755127
Time elapsed: 135.56874704360962s
Epoch 18
-------------------------------
loss_prev:  0.3171989917755127
loss:  0.08529351651668549
Epoch 17 loss: 0.08529351651668549
Time elapsed: 134.83315348625183s
Epoch 19
-------------------------------
loss_prev:  0.08529351651668549
loss:  0.08143732696771622
Epoch 18 loss: 0.08143732696771622
Time elapsed: 135.71487069129944s
Epoch 20
-------------------------------
loss_prev:  0.08143732696771622
loss:  0.0493365041911602
Epoch 19 loss: 0.0493365041911602
Time elapsed: 135.511088848114s
Epoch 21
-------------------------------
loss_prev:  0.0493365041911602
loss:  0.07440458983182907
Epoch 20 loss: 0.07440458983182907
Time elapsed: 134.95475506782532s
Epoch 22
-------------------------------
loss_prev:  0.07440458983182907
loss:  0.0824592262506485
Epoch 21 loss: 0.0824592262506485
Time elapsed: 135.39171195030212s
Epoch 23
-------------------------------
loss_prev:  0.0824592262506485
loss:  0.044518522918224335
Epoch 22 loss: 0.044518522918224335
Time elapsed: 134.97395157814026s
Epoch 24
-------------------------------
loss_prev:  0.044518522918224335
loss:  0.14854249358177185
Epoch 23 loss: 0.14854249358177185
Time elapsed: 135.14520359039307s
Epoch 25
-------------------------------
loss_prev:  0.14854249358177185
loss:  0.08757834136486053
Epoch 24 loss: 0.08757834136486053
Time elapsed: 134.3671190738678s
Epoch 26
-------------------------------
loss_prev:  0.08757834136486053
loss:  0.14546290040016174
Epoch 25 loss: 0.14546290040016174
Time elapsed: 135.12242484092712s
Epoch 27
-------------------------------
loss_prev:  0.14546290040016174
loss:  0.02534317970275879
Epoch 26 loss: 0.02534317970275879
Time elapsed: 135.0703718662262s
Epoch 28
-------------------------------
loss_prev:  0.02534317970275879
loss:  0.05862852931022644
Epoch 27 loss: 0.05862852931022644
Time elapsed: 135.72472643852234s
Epoch 29
-------------------------------
loss_prev:  0.05862852931022644
loss:  0.0460643544793129
Epoch 28 loss: 0.0460643544793129
Time elapsed: 135.8121657371521s
Epoch 30
-------------------------------
loss_prev:  0.0460643544793129
loss:  0.15470638871192932
Epoch 29 loss: 0.15470638871192932
Time elapsed: 136.21449327468872s
Epoch 31
-------------------------------
loss_prev:  0.15470638871192932
loss:  0.017984826117753983
Epoch 30 loss: 0.017984826117753983
Time elapsed: 135.32810926437378s
Epoch 32
-------------------------------
loss_prev:  0.017984826117753983
loss:  0.10794996470212936
Epoch 31 loss: 0.10794996470212936
Time elapsed: 135.92884993553162s
Epoch 33
-------------------------------
loss_prev:  0.10794996470212936
loss:  0.4890473783016205
Epoch 32 loss: 0.4890473783016205
Time elapsed: 135.20738196372986s
Epoch 34
-------------------------------
loss_prev:  0.4890473783016205
loss:  0.7857190370559692
Epoch 33 loss: 0.7857190370559692
Time elapsed: 135.13402438163757s
Epoch 35
-------------------------------
loss_prev:  0.7857190370559692
loss:  0.13011230528354645
Epoch 34 loss: 0.13011230528354645
Time elapsed: 135.32567977905273s
Epoch 36
-------------------------------
loss_prev:  0.13011230528354645
loss:  0.2220524549484253
Epoch 35 loss: 0.2220524549484253
Time elapsed: 135.05345678329468s
Epoch 37
-------------------------------
loss_prev:  0.2220524549484253
loss:  0.04584408551454544
Epoch 36 loss: 0.04584408551454544
Time elapsed: 135.23117923736572s
Epoch 38
-------------------------------
loss_prev:  0.04584408551454544
loss:  0.11055980622768402
Epoch 37 loss: 0.11055980622768402
Time elapsed: 134.99636054039001s
Epoch 39
-------------------------------
loss_prev:  0.11055980622768402
loss:  0.06039106473326683
Epoch 38 loss: 0.06039106473326683
Time elapsed: 135.40763759613037s
Epoch 40
-------------------------------
loss_prev:  0.06039106473326683
loss:  2.449531078338623
Epoch 39 loss: 2.449531078338623
Time elapsed: 134.8237431049347s
Epoch 41
-------------------------------
loss_prev:  2.449531078338623
loss:  0.11671464145183563
Epoch 40 loss: 0.11671464145183563
Time elapsed: 135.13500571250916s
Epoch 42
-------------------------------
loss_prev:  0.11671464145183563
loss:  0.2026522159576416
Epoch 41 loss: 0.2026522159576416
Time elapsed: 135.37874031066895s
Epoch 43
-------------------------------
loss_prev:  0.2026522159576416
loss:  1.6438349485397339
Epoch 42 loss: 1.6438349485397339
Time elapsed: 135.2994453907013s
Epoch 44
-------------------------------
loss_prev:  1.6438349485397339
loss:  0.16954997181892395
Epoch 43 loss: 0.16954997181892395
Time elapsed: 136.29870080947876s
Epoch 45
-------------------------------
loss_prev:  0.16954997181892395
loss:  0.49227607250213623
Epoch 44 loss: 0.49227607250213623
Time elapsed: 137.3001673221588s
Epoch 46
-------------------------------
loss_prev:  0.49227607250213623
loss:  0.027478305622935295
Epoch 45 loss: 0.027478305622935295
Time elapsed: 135.6809458732605s
Epoch 47
-------------------------------
loss_prev:  0.027478305622935295
loss:  0.06067812442779541
Epoch 46 loss: 0.06067812442779541
Time elapsed: 135.29790210723877s
Epoch 48
-------------------------------
loss_prev:  0.06067812442779541
loss:  0.5991889834403992
Epoch 47 loss: 0.5991889834403992
Time elapsed: 135.52387046813965s
Epoch 49
-------------------------------
loss_prev:  0.5991889834403992
loss:  0.25551801919937134
Epoch 48 loss: 0.25551801919937134
Time elapsed: 134.6566092967987s
Epoch 50
-------------------------------
loss_prev:  0.25551801919937134
loss:  1.163520336151123
Epoch 49 loss: 1.163520336151123
Time elapsed: 128.44984459877014s
Epoch 51
-------------------------------
loss_prev:  1.163520336151123
loss:  0.044510118663311005
Epoch 50 loss: 0.044510118663311005
Time elapsed: 117.36777567863464s
Epoch 52
-------------------------------
loss_prev:  0.044510118663311005
loss:  0.03652052953839302
Epoch 51 loss: 0.03652052953839302
Time elapsed: 112.43225955963135s
Epoch 53
-------------------------------
loss_prev:  0.03652052953839302
loss:  0.08566093444824219
Epoch 52 loss: 0.08566093444824219
Time elapsed: 113.4523138999939s
Epoch 54
-------------------------------
loss_prev:  0.08566093444824219
loss:  0.11146615445613861
Epoch 53 loss: 0.11146615445613861
Time elapsed: 114.90689206123352s
Epoch 55
-------------------------------
loss_prev:  0.11146615445613861
loss:  0.020126327872276306
Epoch 54 loss: 0.020126327872276306
Time elapsed: 110.844402551651s
Epoch 56
-------------------------------
loss_prev:  0.020126327872276306
loss:  0.1601838320493698
Epoch 55 loss: 0.1601838320493698
Time elapsed: 122.11507177352905s
Epoch 57
-------------------------------
loss_prev:  0.1601838320493698
loss:  0.10805141180753708
Epoch 56 loss: 0.10805141180753708
Time elapsed: 133.22242760658264s
Epoch 58
-------------------------------
loss_prev:  0.10805141180753708
loss:  0.21814875304698944
Epoch 57 loss: 0.21814875304698944
Time elapsed: 133.76549315452576s
Epoch 59
-------------------------------
loss_prev:  0.21814875304698944
loss:  0.41199612617492676
Epoch 58 loss: 0.41199612617492676
Time elapsed: 133.29776787757874s
Epoch 60
-------------------------------
loss_prev:  0.41199612617492676
loss:  0.061651404947042465
Epoch 59 loss: 0.061651404947042465
Time elapsed: 133.79203581809998s
Epoch 61
-------------------------------
loss_prev:  0.061651404947042465
loss:  0.1085151880979538
Epoch 60 loss: 0.1085151880979538
Time elapsed: 133.03778958320618s
Epoch 62
-------------------------------
loss_prev:  0.1085151880979538
loss:  0.15814433991909027
Epoch 61 loss: 0.15814433991909027
Time elapsed: 133.84431767463684s
Epoch 63
-------------------------------
loss_prev:  0.15814433991909027
loss:  0.1591515690088272
Epoch 62 loss: 0.1591515690088272
Time elapsed: 133.58044266700745s
Epoch 64
-------------------------------
loss_prev:  0.1591515690088272
loss:  0.11496161669492722
Epoch 63 loss: 0.11496161669492722
Time elapsed: 132.47055506706238s
Epoch 65
-------------------------------
loss_prev:  0.11496161669492722
loss:  0.2744493782520294
Epoch 64 loss: 0.2744493782520294
Time elapsed: 133.63093852996826s
Epoch 66
-------------------------------
loss_prev:  0.2744493782520294
loss:  0.3214397430419922
Epoch 65 loss: 0.3214397430419922
Time elapsed: 133.2904987335205s
Epoch 67
-------------------------------
loss_prev:  0.3214397430419922
loss:  0.36287301778793335
Epoch 66 loss: 0.36287301778793335
Time elapsed: 133.36320972442627s
Epoch 68
-------------------------------
loss_prev:  0.36287301778793335
loss:  0.09080968797206879
Epoch 67 loss: 0.09080968797206879
Time elapsed: 132.86684560775757s
Epoch 69
-------------------------------
loss_prev:  0.09080968797206879
loss:  0.4581080377101898
Epoch 68 loss: 0.4581080377101898
Time elapsed: 133.74219465255737s
Epoch 70
-------------------------------
loss_prev:  0.4581080377101898
loss:  0.09666024893522263
Epoch 69 loss: 0.09666024893522263
Time elapsed: 130.1871738433838s
Epoch 71
-------------------------------
loss_prev:  0.09666024893522263
loss:  0.15468668937683105
Epoch 70 loss: 0.15468668937683105
Time elapsed: 130.78063893318176s
Epoch 72
-------------------------------
loss_prev:  0.15468668937683105
loss:  0.0878058522939682
Epoch 71 loss: 0.0878058522939682
Time elapsed: 131.19453597068787s
Epoch 73
-------------------------------
loss_prev:  0.0878058522939682
loss:  0.11472370475530624
Epoch 72 loss: 0.11472370475530624
Time elapsed: 130.45509600639343s
Epoch 74
-------------------------------
loss_prev:  0.11472370475530624
loss:  0.013218829408288002
Epoch 73 loss: 0.013218829408288002
Time elapsed: 130.72504997253418s
Epoch 75
-------------------------------
loss_prev:  0.013218829408288002
loss:  0.08589174598455429
Epoch 74 loss: 0.08589174598455429
Time elapsed: 130.33991265296936s
Epoch 76
-------------------------------
loss_prev:  0.08589174598455429
loss:  0.15872476994991302
Epoch 75 loss: 0.15872476994991302
Time elapsed: 130.88297057151794s
Epoch 77
-------------------------------
loss_prev:  0.15872476994991302
loss:  0.1637267917394638
Epoch 76 loss: 0.1637267917394638
Time elapsed: 129.78498792648315s
Epoch 78
-------------------------------
loss_prev:  0.1637267917394638
loss:  2.2111048698425293
Epoch 77 loss: 2.2111048698425293
Time elapsed: 131.1019401550293s
Epoch 79
-------------------------------
loss_prev:  2.2111048698425293
loss:  0.37506479024887085
Epoch 78 loss: 0.37506479024887085
Time elapsed: 130.5902237892151s
Epoch 80
-------------------------------
loss_prev:  0.37506479024887085
loss:  0.09534849971532822
Epoch 79 loss: 0.09534849971532822
Time elapsed: 129.90547442436218s
Epoch 81
-------------------------------
loss_prev:  0.09534849971532822
loss:  0.38886380195617676
Epoch 80 loss: 0.38886380195617676
Time elapsed: 130.70704412460327s
Epoch 82
-------------------------------
loss_prev:  0.38886380195617676
loss:  0.1329742968082428
Epoch 81 loss: 0.1329742968082428
Time elapsed: 130.02756667137146s
Epoch 83
-------------------------------
loss_prev:  0.1329742968082428
loss:  0.4413270950317383
Epoch 82 loss: 0.4413270950317383
Time elapsed: 130.72447896003723s
Epoch 84
-------------------------------
loss_prev:  0.4413270950317383
loss:  0.5028325319290161
Epoch 83 loss: 0.5028325319290161
Time elapsed: 129.97343969345093s
Epoch 85
-------------------------------
loss_prev:  0.5028325319290161
loss:  0.15875111520290375
Epoch 84 loss: 0.15875111520290375
Time elapsed: 130.7791612148285s
Epoch 86
-------------------------------
loss_prev:  0.15875111520290375
loss:  0.3392823338508606
Epoch 85 loss: 0.3392823338508606
Time elapsed: 130.60380458831787s
Epoch 87
-------------------------------
loss_prev:  0.3392823338508606
loss:  0.016852784901857376
Epoch 86 loss: 0.016852784901857376
Time elapsed: 130.47348880767822s
Epoch 88
-------------------------------
loss_prev:  0.016852784901857376
loss:  0.06192547082901001
Epoch 87 loss: 0.06192547082901001
Time elapsed: 130.77781414985657s
Epoch 89
-------------------------------
loss_prev:  0.06192547082901001
loss:  0.13467326760292053
Epoch 88 loss: 0.13467326760292053
Time elapsed: 129.3838493824005s
Epoch 90
-------------------------------
loss_prev:  0.13467326760292053
loss:  0.06472671031951904
Epoch 89 loss: 0.06472671031951904
Time elapsed: 130.8006944656372s
Epoch 91
-------------------------------
loss_prev:  0.06472671031951904
loss:  0.3016124665737152
Epoch 90 loss: 0.3016124665737152
Time elapsed: 129.87947344779968s
Epoch 92
-------------------------------
loss_prev:  0.3016124665737152
loss:  0.33727675676345825
Epoch 91 loss: 0.33727675676345825
Time elapsed: 130.0091197490692s
Epoch 93
-------------------------------
loss_prev:  0.33727675676345825
loss:  0.055050577968358994
Epoch 92 loss: 0.055050577968358994
Time elapsed: 130.60437560081482s
Epoch 94
-------------------------------
loss_prev:  0.055050577968358994
loss:  0.12194052338600159
Epoch 93 loss: 0.12194052338600159
Time elapsed: 130.4517548084259s
Epoch 95
-------------------------------
loss_prev:  0.12194052338600159
loss:  0.07590410858392715
Epoch 94 loss: 0.07590410858392715
Time elapsed: 130.2199478149414s
Epoch 96
-------------------------------
loss_prev:  0.07590410858392715
loss:  0.24657189846038818
Epoch 95 loss: 0.24657189846038818
Time elapsed: 130.0281744003296s
Epoch 97
-------------------------------
loss_prev:  0.24657189846038818
loss:  0.016424372792243958
Epoch 96 loss: 0.016424372792243958
Time elapsed: 130.39587354660034s
Epoch 98
-------------------------------
loss_prev:  0.016424372792243958
loss:  0.06079749017953873
Epoch 97 loss: 0.06079749017953873
Time elapsed: 109.38977909088135s
Epoch 99
-------------------------------
loss_prev:  0.06079749017953873
loss:  0.01563466340303421
Epoch 98 loss: 0.01563466340303421
Time elapsed: 105.475088596344s
Epoch 100
-------------------------------
loss_prev:  0.01563466340303421
loss:  0.1578349769115448
Epoch 99 loss: 0.1578349769115448
Time elapsed: 105.87564635276794s
Epoch 101
-------------------------------
loss_prev:  0.1578349769115448
loss:  0.24451223015785217
Epoch 100 loss: 0.24451223015785217
Time elapsed: 104.29265856742859s
Epoch 102
-------------------------------
loss_prev:  0.24451223015785217
loss:  0.4486631751060486
Epoch 101 loss: 0.4486631751060486
Time elapsed: 104.4379711151123s
Epoch 103
-------------------------------
loss_prev:  0.4486631751060486
loss:  0.9178636074066162
Epoch 102 loss: 0.9178636074066162
Time elapsed: 106.45542550086975s
Epoch 104
-------------------------------
loss_prev:  0.9178636074066162
loss:  0.07046210765838623
Epoch 103 loss: 0.07046210765838623
Time elapsed: 130.12360668182373s
Epoch 105
-------------------------------
loss_prev:  0.07046210765838623
loss:  0.035708751529455185
Epoch 104 loss: 0.035708751529455185
Time elapsed: 130.56620526313782s
Epoch 106
-------------------------------
loss_prev:  0.035708751529455185
loss:  0.008477829396724701
Epoch 105 loss: 0.008477829396724701
Time elapsed: 130.1102695465088s
Epoch 107
-------------------------------
loss_prev:  0.008477829396724701
loss:  0.11895357072353363
Epoch 106 loss: 0.11895357072353363
Time elapsed: 130.63184905052185s
Epoch 108
-------------------------------
loss_prev:  0.11895357072353363
loss:  0.1222754567861557
Epoch 107 loss: 0.1222754567861557
Time elapsed: 130.78652834892273s
Epoch 109
-------------------------------
loss_prev:  0.1222754567861557
loss:  0.135795459151268
Epoch 108 loss: 0.135795459151268
Time elapsed: 130.27598333358765s
Epoch 110
-------------------------------
loss_prev:  0.135795459151268
loss:  0.062082868069410324
Epoch 109 loss: 0.062082868069410324
Time elapsed: 130.67537808418274s
Epoch 111
-------------------------------
loss_prev:  0.062082868069410324
loss:  0.15630057454109192
Epoch 110 loss: 0.15630057454109192
Time elapsed: 129.73397946357727s
Epoch 112
-------------------------------
loss_prev:  0.15630057454109192
loss:  0.5941951274871826
Epoch 111 loss: 0.5941951274871826
Time elapsed: 130.98433303833008s
Epoch 113
-------------------------------
loss_prev:  0.5941951274871826
loss:  0.2487879991531372
Epoch 112 loss: 0.2487879991531372
Time elapsed: 129.8587679862976s
Epoch 114
-------------------------------
loss_prev:  0.2487879991531372
loss:  0.20574897527694702
Epoch 113 loss: 0.20574897527694702
Time elapsed: 130.9270839691162s
Epoch 115
-------------------------------
loss_prev:  0.20574897527694702
loss:  0.09086483716964722
Epoch 114 loss: 0.09086483716964722
Time elapsed: 130.5640411376953s
Epoch 116
-------------------------------
loss_prev:  0.09086483716964722
loss:  0.07623537629842758
Epoch 115 loss: 0.07623537629842758
Time elapsed: 130.06745743751526s
Epoch 117
-------------------------------
loss_prev:  0.07623537629842758
loss:  0.3037808835506439
Epoch 116 loss: 0.3037808835506439
Time elapsed: 130.746479511261s
Epoch 118
-------------------------------
loss_prev:  0.3037808835506439
loss:  0.028844377025961876
Epoch 117 loss: 0.028844377025961876
Time elapsed: 129.8631558418274s
Epoch 119
-------------------------------
loss_prev:  0.028844377025961876
loss:  0.11272981762886047
Epoch 118 loss: 0.11272981762886047
Time elapsed: 130.00405144691467s
Epoch 120
-------------------------------
loss_prev:  0.11272981762886047
loss:  0.017717596143484116
Epoch 119 loss: 0.017717596143484116
Time elapsed: 129.73687529563904s
Epoch 121
-------------------------------
loss_prev:  0.017717596143484116
loss:  0.13323935866355896
Epoch 120 loss: 0.13323935866355896
Time elapsed: 129.8749270439148s
Epoch 122
-------------------------------
loss_prev:  0.13323935866355896
loss:  0.15739035606384277
Epoch 121 loss: 0.15739035606384277
Time elapsed: 129.9852318763733s
Epoch 123
-------------------------------
loss_prev:  0.15739035606384277
loss:  0.062080077826976776
Epoch 122 loss: 0.062080077826976776
Time elapsed: 130.22351384162903s
Epoch 124
-------------------------------
loss_prev:  0.062080077826976776
loss:  0.0684657171368599
Epoch 123 loss: 0.0684657171368599
Time elapsed: 129.79205703735352s
Epoch 125
-------------------------------
loss_prev:  0.0684657171368599
loss:  0.22146862745285034
Epoch 124 loss: 0.22146862745285034
Time elapsed: 129.97127962112427s
Epoch 126
-------------------------------
loss_prev:  0.22146862745285034
loss:  0.3371531367301941
Epoch 125 loss: 0.3371531367301941
Time elapsed: 130.4893856048584s
Epoch 127
-------------------------------
loss_prev:  0.3371531367301941
loss:  0.09506423771381378
Epoch 126 loss: 0.09506423771381378
Time elapsed: 129.88116025924683s
Epoch 128
-------------------------------
loss_prev:  0.09506423771381378
loss:  0.0929955393075943
Epoch 127 loss: 0.0929955393075943
Time elapsed: 130.47114038467407s
Epoch 129
-------------------------------
loss_prev:  0.0929955393075943
loss:  0.013373482041060925
Epoch 128 loss: 0.013373482041060925
Time elapsed: 130.25393342971802s
Epoch 130
-------------------------------
loss_prev:  0.013373482041060925
loss:  0.05154246836900711
Epoch 129 loss: 0.05154246836900711
Time elapsed: 130.58818173408508s
Epoch 131
-------------------------------
loss_prev:  0.05154246836900711
loss:  0.08284570276737213
Epoch 130 loss: 0.08284570276737213
Time elapsed: 130.28411173820496s
Epoch 132
-------------------------------
loss_prev:  0.08284570276737213
loss:  0.068004310131073
Epoch 131 loss: 0.068004310131073
Time elapsed: 130.36151814460754s
Epoch 133
-------------------------------
loss_prev:  0.068004310131073
loss:  0.0648009181022644
Epoch 132 loss: 0.0648009181022644
Time elapsed: 130.62562894821167s
Epoch 134
-------------------------------
loss_prev:  0.0648009181022644
loss:  0.1557876616716385
Epoch 133 loss: 0.1557876616716385
Time elapsed: 130.45111203193665s
Epoch 135
-------------------------------
loss_prev:  0.1557876616716385
loss:  0.09152095019817352
Epoch 134 loss: 0.09152095019817352
Time elapsed: 130.57932901382446s
Epoch 136
-------------------------------
loss_prev:  0.09152095019817352
loss:  0.07547248154878616
Epoch 135 loss: 0.07547248154878616
Time elapsed: 129.9192590713501s
Epoch 137
-------------------------------
loss_prev:  0.07547248154878616
loss:  0.22970709204673767
Epoch 136 loss: 0.22970709204673767
Time elapsed: 130.91179084777832s
Epoch 138
-------------------------------
loss_prev:  0.22970709204673767
loss:  0.6512836813926697
Epoch 137 loss: 0.6512836813926697
Time elapsed: 131.08482718467712s
Epoch 139
-------------------------------
loss_prev:  0.6512836813926697
loss:  0.1704290211200714
Epoch 138 loss: 0.1704290211200714
Time elapsed: 129.8507730960846s
Epoch 140
-------------------------------
loss_prev:  0.1704290211200714
loss:  0.23670338094234467
Epoch 139 loss: 0.23670338094234467
Time elapsed: 131.10862398147583s
Epoch 141
-------------------------------
loss_prev:  0.23670338094234467
loss:  0.50469970703125
Epoch 140 loss: 0.50469970703125
Time elapsed: 130.29364848136902s
Epoch 142
-------------------------------
loss_prev:  0.50469970703125
loss:  0.4753161668777466
Epoch 141 loss: 0.4753161668777466
Time elapsed: 129.90742588043213s
Epoch 143
-------------------------------
loss_prev:  0.4753161668777466
loss:  0.1034548208117485
Epoch 142 loss: 0.1034548208117485
Time elapsed: 129.9387264251709s
Epoch 144
-------------------------------
loss_prev:  0.1034548208117485
loss:  0.10754261910915375
Epoch 143 loss: 0.10754261910915375
Time elapsed: 130.24780464172363s
Epoch 145
-------------------------------
loss_prev:  0.10754261910915375
loss:  0.025402791798114777
Epoch 144 loss: 0.025402791798114777
Time elapsed: 130.49874687194824s
Epoch 146
-------------------------------
loss_prev:  0.025402791798114777
loss:  0.09126923978328705
Epoch 145 loss: 0.09126923978328705
Time elapsed: 129.784348487854s
Epoch 147
-------------------------------
loss_prev:  0.09126923978328705
loss:  0.21852025389671326
Epoch 146 loss: 0.21852025389671326
Time elapsed: 130.5501139163971s
Epoch 148
-------------------------------
loss_prev:  0.21852025389671326
loss:  0.05595443770289421
Epoch 147 loss: 0.05595443770289421
Time elapsed: 129.69876790046692s
Epoch 149
-------------------------------
loss_prev:  0.05595443770289421
loss:  0.32313063740730286
Epoch 148 loss: 0.32313063740730286
Time elapsed: 130.27421641349792s
Epoch 150
-------------------------------
loss_prev:  0.32313063740730286
loss:  2.103455066680908
Epoch 149 loss: 2.103455066680908
Time elapsed: 129.60459852218628s
Epoch 151
-------------------------------
loss_prev:  2.103455066680908
loss:  0.10061535239219666
Epoch 150 loss: 0.10061535239219666
Time elapsed: 130.03983211517334s
Epoch 152
-------------------------------
loss_prev:  0.10061535239219666
loss:  0.697114884853363
Epoch 151 loss: 0.697114884853363
Time elapsed: 129.2468090057373s
Epoch 153
-------------------------------
loss_prev:  0.697114884853363
loss:  2.4290871620178223
Epoch 152 loss: 2.4290871620178223
Time elapsed: 129.68437790870667s
Epoch 154
-------------------------------
loss_prev:  2.4290871620178223
loss:  0.11785867065191269
Epoch 153 loss: 0.11785867065191269
Time elapsed: 129.55841255187988s
Epoch 155
-------------------------------
loss_prev:  0.11785867065191269
loss:  0.012323043309152126
Epoch 154 loss: 0.012323043309152126
Time elapsed: 129.350013256073s
Epoch 156
-------------------------------
loss_prev:  0.012323043309152126
loss:  0.04389365762472153
Epoch 155 loss: 0.04389365762472153
Time elapsed: 129.6212034225464s
Epoch 157
-------------------------------
loss_prev:  0.04389365762472153
loss:  0.25380438566207886
Epoch 156 loss: 0.25380438566207886
Time elapsed: 129.07748770713806s
Epoch 158
-------------------------------
loss_prev:  0.25380438566207886
loss:  0.22007322311401367
Epoch 157 loss: 0.22007322311401367
Time elapsed: 129.65896272659302s
Epoch 159
-------------------------------
loss_prev:  0.22007322311401367
loss:  0.00499238446354866
Epoch 158 loss: 0.00499238446354866
Time elapsed: 130.32759404182434s
Epoch 160
-------------------------------
loss_prev:  0.00499238446354866
loss:  0.05069602653384209
Epoch 159 loss: 0.05069602653384209
Time elapsed: 129.14973521232605s
Epoch 161
-------------------------------
loss_prev:  0.05069602653384209
loss:  0.08403053134679794
Epoch 160 loss: 0.08403053134679794
Time elapsed: 129.7435929775238s
Epoch 162
-------------------------------
loss_prev:  0.08403053134679794
loss:  0.5126949548721313
Epoch 161 loss: 0.5126949548721313
Time elapsed: 129.5761113166809s
Epoch 163
-------------------------------
loss_prev:  0.5126949548721313
loss:  0.1517069935798645
Epoch 162 loss: 0.1517069935798645
Time elapsed: 130.3370282649994s
Epoch 164
-------------------------------
loss_prev:  0.1517069935798645
loss:  0.04793662950396538
Epoch 163 loss: 0.04793662950396538
Time elapsed: 130.25102591514587s
Epoch 165
-------------------------------
loss_prev:  0.04793662950396538
loss:  0.19859819114208221
Epoch 164 loss: 0.19859819114208221
Time elapsed: 130.31284379959106s
Epoch 166
-------------------------------
loss_prev:  0.19859819114208221
loss:  0.08184729516506195
Epoch 165 loss: 0.08184729516506195
Time elapsed: 130.7779140472412s
Epoch 167
-------------------------------
loss_prev:  0.08184729516506195
loss:  0.05735623836517334
Epoch 166 loss: 0.05735623836517334
Time elapsed: 129.58486485481262s
Epoch 168
-------------------------------
loss_prev:  0.05735623836517334
loss:  0.06358814239501953
Epoch 167 loss: 0.06358814239501953
Time elapsed: 130.64645552635193s
Epoch 169
-------------------------------
loss_prev:  0.06358814239501953
loss:  0.0587347075343132
Epoch 168 loss: 0.0587347075343132
Time elapsed: 130.46291589736938s
Epoch 170
-------------------------------
loss_prev:  0.0587347075343132
loss:  0.03613516315817833
Epoch 169 loss: 0.03613516315817833
Time elapsed: 130.3569028377533s
Epoch 171
-------------------------------
loss_prev:  0.03613516315817833
loss:  0.075837641954422
Epoch 170 loss: 0.075837641954422
Time elapsed: 129.80049324035645s
Epoch 172
-------------------------------
loss_prev:  0.075837641954422
loss:  0.032302357256412506
Epoch 171 loss: 0.032302357256412506
Time elapsed: 130.7538013458252s
Epoch 173
-------------------------------
loss_prev:  0.032302357256412506
loss:  3.818129062652588
Epoch 172 loss: 3.818129062652588
Time elapsed: 130.82185006141663s
Epoch 174
-------------------------------
loss_prev:  3.818129062652588
loss:  0.25439468026161194
Epoch 173 loss: 0.25439468026161194
Time elapsed: 130.1505365371704s
Epoch 175
-------------------------------
loss_prev:  0.25439468026161194
loss:  0.015356007032096386
Epoch 174 loss: 0.015356007032096386
Time elapsed: 130.5291907787323s
Epoch 176
-------------------------------
loss_prev:  0.015356007032096386
loss:  0.13388296961784363
Epoch 175 loss: 0.13388296961784363
Time elapsed: 130.2021541595459s
Epoch 177
-------------------------------
loss_prev:  0.13388296961784363
loss:  0.04621076211333275
Epoch 176 loss: 0.04621076211333275
Time elapsed: 130.93541479110718s
Epoch 178
-------------------------------
loss_prev:  0.04621076211333275
loss:  0.01515484880656004
Epoch 177 loss: 0.01515484880656004
Time elapsed: 129.9650890827179s
Epoch 179
-------------------------------
loss_prev:  0.01515484880656004
loss:  0.010546437464654446
Epoch 178 loss: 0.010546437464654446
Time elapsed: 130.53595423698425s
Epoch 180
-------------------------------
loss_prev:  0.010546437464654446
loss:  0.05078478902578354
Epoch 179 loss: 0.05078478902578354
Time elapsed: 130.2435441017151s
Epoch 181
-------------------------------
loss_prev:  0.05078478902578354
loss:  0.525611400604248
Epoch 180 loss: 0.525611400604248
Time elapsed: 129.87734007835388s
Epoch 182
-------------------------------
loss_prev:  0.525611400604248
loss:  0.08084825426340103
Epoch 181 loss: 0.08084825426340103
Time elapsed: 129.65120935440063s
Epoch 183
-------------------------------
loss_prev:  0.08084825426340103
loss:  0.07968375086784363
Epoch 182 loss: 0.07968375086784363
Time elapsed: 129.55223608016968s
Epoch 184
-------------------------------
loss_prev:  0.07968375086784363
loss:  0.027532413601875305
Epoch 183 loss: 0.027532413601875305
Time elapsed: 130.30739521980286s
Epoch 185
-------------------------------
loss_prev:  0.027532413601875305
loss:  0.04342397302389145
Epoch 184 loss: 0.04342397302389145
Time elapsed: 129.589252948761s
Epoch 186
-------------------------------
loss_prev:  0.04342397302389145
loss:  0.03824107348918915
Epoch 185 loss: 0.03824107348918915
Time elapsed: 130.1013889312744s
Epoch 187
-------------------------------
loss_prev:  0.03824107348918915
loss:  0.015302149578928947
Epoch 186 loss: 0.015302149578928947
Time elapsed: 129.5142424106598s
Epoch 188
-------------------------------
loss_prev:  0.015302149578928947
loss:  0.1005004271864891
Epoch 187 loss: 0.1005004271864891
Time elapsed: 129.38237690925598s
Epoch 189
-------------------------------
loss_prev:  0.1005004271864891
loss:  0.12576767802238464
Epoch 188 loss: 0.12576767802238464
Time elapsed: 130.50961327552795s
Epoch 190
-------------------------------
loss_prev:  0.12576767802238464
loss:  0.13064728677272797
Epoch 189 loss: 0.13064728677272797
Time elapsed: 129.39212584495544s
Epoch 191
-------------------------------
loss_prev:  0.13064728677272797
loss:  0.05080236494541168
Epoch 190 loss: 0.05080236494541168
Time elapsed: 129.92931842803955s
Epoch 192
-------------------------------
loss_prev:  0.05080236494541168
loss:  0.40350744128227234
Epoch 191 loss: 0.40350744128227234
Time elapsed: 129.47886443138123s
Epoch 193
-------------------------------
loss_prev:  0.40350744128227234
loss:  0.251495361328125
Epoch 192 loss: 0.251495361328125
Time elapsed: 130.35138845443726s
Epoch 194
-------------------------------
loss_prev:  0.251495361328125
loss:  0.2024540901184082
Epoch 193 loss: 0.2024540901184082
Time elapsed: 130.2620770931244s
Epoch 195
-------------------------------
loss_prev:  0.2024540901184082
loss:  0.05322234332561493
Epoch 194 loss: 0.05322234332561493
Time elapsed: 129.68745803833008s
Epoch 196
-------------------------------
loss_prev:  0.05322234332561493
loss:  0.06691987067461014
Epoch 195 loss: 0.06691987067461014
Time elapsed: 133.2685797214508s
Epoch 197
-------------------------------
loss_prev:  0.06691987067461014
loss:  0.32995203137397766
Epoch 196 loss: 0.32995203137397766
Time elapsed: 132.9266757965088s
Epoch 198
-------------------------------
loss_prev:  0.32995203137397766
loss:  0.06046348065137863
Epoch 197 loss: 0.06046348065137863
Time elapsed: 133.02295541763306s
Epoch 199
-------------------------------
loss_prev:  0.06046348065137863
loss:  0.6182303428649902
Epoch 198 loss: 0.6182303428649902
Time elapsed: 131.80478882789612s
Epoch 200
-------------------------------
loss_prev:  0.6182303428649902
loss:  0.05433851107954979
Epoch 199 loss: 0.05433851107954979
Time elapsed: 132.65661358833313s
Epoch 201
-------------------------------
loss_prev:  0.05433851107954979
loss:  0.020030668005347252
Epoch 200 loss: 0.020030668005347252
Time elapsed: 131.78039860725403s
Epoch 202
-------------------------------
loss_prev:  0.020030668005347252
loss:  0.09938858449459076
Epoch 201 loss: 0.09938858449459076
Time elapsed: 132.34644198417664s
Epoch 203
-------------------------------
loss_prev:  0.09938858449459076
loss:  0.1862904280424118
Epoch 202 loss: 0.1862904280424118
Time elapsed: 131.88876128196716s
Epoch 204
-------------------------------
loss_prev:  0.1862904280424118
loss:  0.05415862426161766
Epoch 203 loss: 0.05415862426161766
Time elapsed: 131.5823953151703s
Epoch 205
-------------------------------
loss_prev:  0.05415862426161766
loss:  0.02257542870938778
Epoch 204 loss: 0.02257542870938778
Time elapsed: 132.07443594932556s
Epoch 206
-------------------------------
loss_prev:  0.02257542870938778
loss:  0.1802111268043518
Epoch 205 loss: 0.1802111268043518
Time elapsed: 131.09928917884827s
Epoch 207
-------------------------------
loss_prev:  0.1802111268043518
loss:  0.05784640833735466
Epoch 206 loss: 0.05784640833735466
Time elapsed: 131.78824877738953s
Epoch 208
-------------------------------
loss_prev:  0.05784640833735466
loss:  0.15902486443519592
Epoch 207 loss: 0.15902486443519592
Time elapsed: 131.666827917099s
Epoch 209
-------------------------------
loss_prev:  0.15902486443519592
loss:  0.030623069033026695
Epoch 208 loss: 0.030623069033026695
Time elapsed: 132.62345361709595s
Epoch 210
-------------------------------
loss_prev:  0.030623069033026695
loss:  0.02989479899406433
Loss improvement less than threshold, stop training at epoch 209, batch 7963
Training Done
For 13940 samples with label 0
Average score: 48.13565444946289
Average loss: 1651.56605347424
True Positive: 1680
False Positive: 1
For 13940 samples with label 1
Average score: 67.32305908203125
Average loss: 1452.3952278454642
True Negative: 13940
False Negative: 12260
--------------
Precision: 0.9994051160023796
Recall: 0.12051649928263988
FPR: 7.17308657915501e-05
Accuracy: 0.5602381550159606
F-score: 0.21509506433647013
Test Done
plot_roc
Threshold 55.06945037841797 was selected with Youden's J of 0.2758249641319943
For 13940 samples with label 0
Average score: 48.13543701171875
Average loss: 1651.4589656409437
True Positive: 8346
False Positive: 4501
For 13940 samples with label 1
Average score: 67.32318115234375
Average loss: 1452.5023142736989
True Negative: 9439
False Negative: 5594
--------------
Precision: 0.6496458317116837
Recall: 0.5987087517934003
FPR: 0.322883787661406
Accuracy: 0.6379124820659972
F-score: 0.6231380893717102
Test Done

